2021-09-24 05:50:44,034 - Model instianted from: se
2021-09-24 05:50:44,035 - se | {} | iter: 0
2021-09-24 05:51:16,107 - Model instianted from: se
2021-09-24 05:51:16,108 - se | {} | iter: 0
2021-09-24 05:51:26,622 - BufferedPatchDataset buffer history: [0, 1, 2, 3, 4, 5]
2021-09-24 05:51:26,622 - loss log saved to: saved_models/hs_SRS_de/losses.csv
2021-09-24 05:51:26,622 - model saved to: saved_models/hs_SRS_de/model.p
2021-09-24 05:52:07,406 - BufferedPatchDataset buffer history: [0, 1, 2, 3, 4, 5]
2021-09-24 05:52:07,406 - loss log saved to: saved_models/hs_SRS_de/losses.csv
2021-09-24 05:52:07,406 - model saved to: saved_models/hs_SRS_de/model.p
2021-09-24 05:52:47,900 - BufferedPatchDataset buffer history: [0, 1, 2, 3, 4, 5]
2021-09-24 05:52:47,900 - loss log saved to: saved_models/hs_SRS_de/losses.csv
2021-09-24 05:52:47,900 - model saved to: saved_models/hs_SRS_de/model.p
2021-09-24 05:53:27,884 - BufferedPatchDataset buffer history: [0, 1, 2, 3, 4, 5]
2021-09-24 05:53:27,885 - loss log saved to: saved_models/hs_SRS_de/losses.csv
2021-09-24 05:53:27,885 - model saved to: saved_models/hs_SRS_de/model.p
2021-09-24 05:54:08,119 - BufferedPatchDataset buffer history: [0, 1, 2, 3, 4, 5]
2021-09-24 05:54:08,119 - loss log saved to: saved_models/hs_SRS_de/losses.csv
2021-09-24 05:54:08,120 - model saved to: saved_models/hs_SRS_de/model.p
2021-09-24 05:54:48,631 - BufferedPatchDataset buffer history: [0, 1, 2, 3, 4, 5]
2021-09-24 05:54:48,632 - loss log saved to: saved_models/hs_SRS_de/losses.csv
2021-09-24 05:54:48,632 - model saved to: saved_models/hs_SRS_de/model.p
2021-09-24 05:55:29,125 - BufferedPatchDataset buffer history: [0, 1, 2, 3, 4, 5]
2021-09-24 05:55:29,125 - loss log saved to: saved_models/hs_SRS_de/losses.csv
2021-09-24 05:55:29,125 - model saved to: saved_models/hs_SRS_de/model.p
2021-09-24 05:56:09,088 - BufferedPatchDataset buffer history: [0, 1, 2, 3, 4, 5]
2021-09-24 05:56:09,088 - loss log saved to: saved_models/hs_SRS_de/losses.csv
2021-09-24 05:56:09,088 - model saved to: saved_models/hs_SRS_de/model.p
2021-09-24 05:56:49,456 - BufferedPatchDataset buffer history: [0, 1, 2, 3, 4, 5]
2021-09-24 05:56:49,456 - loss log saved to: saved_models/hs_SRS_de/losses.csv
2021-09-24 05:56:49,456 - model saved to: saved_models/hs_SRS_de/model.p
2021-09-24 05:57:29,425 - BufferedPatchDataset buffer history: [0, 1, 2, 3, 4, 5]
2021-09-24 05:57:29,425 - loss log saved to: saved_models/hs_SRS_de/losses.csv
2021-09-24 05:57:29,425 - model saved to: saved_models/hs_SRS_de/model.p
2021-09-24 05:58:09,474 - BufferedPatchDataset buffer history: [0, 1, 2, 3, 4, 5]
2021-09-24 05:58:09,475 - loss log saved to: saved_models/hs_SRS_de/losses.csv
2021-09-24 05:58:09,475 - model saved to: saved_models/hs_SRS_de/model.p
2021-09-24 05:58:49,633 - BufferedPatchDataset buffer history: [0, 1, 2, 3, 4, 5]
2021-09-24 05:58:49,634 - loss log saved to: saved_models/hs_SRS_de/losses.csv
2021-09-24 05:58:49,634 - model saved to: saved_models/hs_SRS_de/model.p
2021-09-24 05:59:29,983 - BufferedPatchDataset buffer history: [0, 1, 2, 3, 4, 5]
2021-09-24 05:59:29,983 - loss log saved to: saved_models/hs_SRS_de/losses.csv
2021-09-24 05:59:29,983 - model saved to: saved_models/hs_SRS_de/model.p
2021-09-24 06:00:10,067 - BufferedPatchDataset buffer history: [0, 1, 2, 3, 4, 5]
2021-09-24 06:00:10,068 - loss log saved to: saved_models/hs_SRS_de/losses.csv
2021-09-24 06:00:10,068 - model saved to: saved_models/hs_SRS_de/model.p
2021-09-24 06:00:50,127 - BufferedPatchDataset buffer history: [0, 1, 2, 3, 4, 5]
2021-09-24 06:00:50,128 - loss log saved to: saved_models/hs_SRS_de/losses.csv
2021-09-24 06:00:50,128 - model saved to: saved_models/hs_SRS_de/model.p
2021-09-24 06:01:30,391 - BufferedPatchDataset buffer history: [0, 1, 2, 3, 4, 5]
2021-09-24 06:01:30,391 - loss log saved to: saved_models/hs_SRS_de/losses.csv
2021-09-24 06:01:30,391 - model saved to: saved_models/hs_SRS_de/model.p
2021-09-24 06:02:10,322 - BufferedPatchDataset buffer history: [0, 1, 2, 3, 4, 5]
2021-09-24 06:02:10,323 - loss log saved to: saved_models/hs_SRS_de/losses.csv
2021-09-24 06:02:10,323 - model saved to: saved_models/hs_SRS_de/model.p
2021-09-24 06:02:50,757 - BufferedPatchDataset buffer history: [0, 1, 2, 3, 4, 5]
2021-09-24 06:02:50,758 - loss log saved to: saved_models/hs_SRS_de/losses.csv
2021-09-24 06:02:50,758 - model saved to: saved_models/hs_SRS_de/model.p
2021-09-24 06:03:30,392 - BufferedPatchDataset buffer history: [0, 1, 2, 3, 4, 5]
2021-09-24 06:03:30,393 - loss log saved to: saved_models/hs_SRS_de/losses.csv
2021-09-24 06:03:30,393 - model saved to: saved_models/hs_SRS_de/model.p
2021-09-24 06:04:11,112 - BufferedPatchDataset buffer history: [0, 1, 2, 3, 4, 5]
2021-09-24 06:04:11,113 - loss log saved to: saved_models/hs_SRS_de/losses.csv
2021-09-24 06:04:11,113 - model saved to: saved_models/hs_SRS_de/model.p
2021-09-24 06:04:51,434 - BufferedPatchDataset buffer history: [0, 1, 2, 3, 4, 5]
2021-09-24 06:04:51,435 - loss log saved to: saved_models/hs_SRS_de/losses.csv
2021-09-24 06:04:51,435 - model saved to: saved_models/hs_SRS_de/model.p
2021-09-24 06:05:31,575 - BufferedPatchDataset buffer history: [0, 1, 2, 3, 4, 5]
2021-09-24 06:05:31,576 - loss log saved to: saved_models/hs_SRS_de/losses.csv
2021-09-24 06:05:31,576 - model saved to: saved_models/hs_SRS_de/model.p
2021-09-24 06:06:11,657 - BufferedPatchDataset buffer history: [0, 1, 2, 3, 4, 5]
2021-09-24 06:06:11,658 - loss log saved to: saved_models/hs_SRS_de/losses.csv
2021-09-24 06:06:11,658 - model saved to: saved_models/hs_SRS_de/model.p
2021-09-24 06:06:51,706 - BufferedPatchDataset buffer history: [0, 1, 2, 3, 4, 5]
2021-09-24 06:06:51,706 - loss log saved to: saved_models/hs_SRS_de/losses.csv
2021-09-24 06:06:51,706 - model saved to: saved_models/hs_SRS_de/model.p
2021-09-24 06:07:31,928 - BufferedPatchDataset buffer history: [0, 1, 2, 3, 4, 5]
2021-09-24 06:07:31,928 - loss log saved to: saved_models/hs_SRS_de/losses.csv
2021-09-24 06:07:31,928 - model saved to: saved_models/hs_SRS_de/model.p
2021-09-24 06:08:12,130 - BufferedPatchDataset buffer history: [0, 1, 2, 3, 4, 5]
2021-09-24 06:08:12,130 - loss log saved to: saved_models/hs_SRS_de/losses.csv
2021-09-24 06:08:12,130 - model saved to: saved_models/hs_SRS_de/model.p
2021-09-24 06:08:52,705 - BufferedPatchDataset buffer history: [0, 1, 2, 3, 4, 5]
2021-09-24 06:08:52,705 - loss log saved to: saved_models/hs_SRS_de/losses.csv
2021-09-24 06:08:52,705 - model saved to: saved_models/hs_SRS_de/model.p
2021-09-24 06:09:33,285 - BufferedPatchDataset buffer history: [0, 1, 2, 3, 4, 5]
2021-09-24 06:09:33,286 - loss log saved to: saved_models/hs_SRS_de/losses.csv
2021-09-24 06:09:33,286 - model saved to: saved_models/hs_SRS_de/model.p
2021-09-24 06:10:14,052 - BufferedPatchDataset buffer history: [0, 1, 2, 3, 4, 5]
2021-09-24 06:10:14,052 - loss log saved to: saved_models/hs_SRS_de/losses.csv
2021-09-24 06:10:14,052 - model saved to: saved_models/hs_SRS_de/model.p
2021-09-24 06:10:54,649 - BufferedPatchDataset buffer history: [0, 1, 2, 3, 4, 5]
2021-09-24 06:10:54,649 - loss log saved to: saved_models/hs_SRS_de/losses.csv
2021-09-24 06:10:54,649 - model saved to: saved_models/hs_SRS_de/model.p
2021-09-24 06:11:34,979 - BufferedPatchDataset buffer history: [0, 1, 2, 3, 4, 5]
2021-09-24 06:11:34,979 - loss log saved to: saved_models/hs_SRS_de/losses.csv
2021-09-24 06:11:34,979 - model saved to: saved_models/hs_SRS_de/model.p
2021-09-24 06:12:15,077 - BufferedPatchDataset buffer history: [0, 1, 2, 3, 4, 5]
2021-09-24 06:12:15,077 - loss log saved to: saved_models/hs_SRS_de/losses.csv
2021-09-24 06:12:15,077 - model saved to: saved_models/hs_SRS_de/model.p
2021-09-24 06:12:55,214 - BufferedPatchDataset buffer history: [0, 1, 2, 3, 4, 5]
2021-09-24 06:12:55,214 - loss log saved to: saved_models/hs_SRS_de/losses.csv
2021-09-24 06:12:55,214 - model saved to: saved_models/hs_SRS_de/model.p
2021-09-24 06:13:34,692 - BufferedPatchDataset buffer history: [0, 1, 2, 3, 4, 5]
2021-09-24 06:13:34,692 - loss log saved to: saved_models/hs_SRS_de/losses.csv
2021-09-24 06:13:34,692 - model saved to: saved_models/hs_SRS_de/model.p
2021-09-24 06:14:14,849 - BufferedPatchDataset buffer history: [0, 1, 2, 3, 4, 5]
2021-09-24 06:14:14,849 - loss log saved to: saved_models/hs_SRS_de/losses.csv
2021-09-24 06:14:14,850 - model saved to: saved_models/hs_SRS_de/model.p
2021-09-24 06:14:54,860 - BufferedPatchDataset buffer history: [0, 1, 2, 3, 4, 5]
2021-09-24 06:14:54,860 - loss log saved to: saved_models/hs_SRS_de/losses.csv
2021-09-24 06:14:54,860 - model saved to: saved_models/hs_SRS_de/model.p
2021-09-24 06:15:35,055 - BufferedPatchDataset buffer history: [0, 1, 2, 3, 4, 5]
2021-09-24 06:15:35,056 - loss log saved to: saved_models/hs_SRS_de/losses.csv
2021-09-24 06:15:35,056 - model saved to: saved_models/hs_SRS_de/model.p
2021-09-24 06:16:16,288 - BufferedPatchDataset buffer history: [0, 1, 2, 3, 4, 5]
2021-09-24 06:16:16,288 - loss log saved to: saved_models/hs_SRS_de/losses.csv
2021-09-24 06:16:16,288 - model saved to: saved_models/hs_SRS_de/model.p
2021-09-24 06:16:56,598 - BufferedPatchDataset buffer history: [0, 1, 2, 3, 4, 5]
2021-09-24 06:16:56,599 - loss log saved to: saved_models/hs_SRS_de/losses.csv
2021-09-24 06:16:56,599 - model saved to: saved_models/hs_SRS_de/model.p
2021-09-24 06:17:37,589 - BufferedPatchDataset buffer history: [0, 1, 2, 3, 4, 5, 6]
2021-09-24 06:17:37,589 - loss log saved to: saved_models/hs_SRS_de/losses.csv
2021-09-24 06:17:37,589 - model saved to: saved_models/hs_SRS_de/model.p
2021-09-24 06:18:17,925 - BufferedPatchDataset buffer history: [0, 1, 2, 3, 4, 5, 6]
2021-09-24 06:18:17,925 - loss log saved to: saved_models/hs_SRS_de/losses.csv
2021-09-24 06:18:17,926 - model saved to: saved_models/hs_SRS_de/model.p
2021-09-24 06:18:58,165 - BufferedPatchDataset buffer history: [0, 1, 2, 3, 4, 5, 6]
2021-09-24 06:18:58,166 - loss log saved to: saved_models/hs_SRS_de/losses.csv
2021-09-24 06:18:58,166 - model saved to: saved_models/hs_SRS_de/model.p
2021-09-24 06:19:38,163 - BufferedPatchDataset buffer history: [0, 1, 2, 3, 4, 5, 6]
2021-09-24 06:19:38,163 - loss log saved to: saved_models/hs_SRS_de/losses.csv
2021-09-24 06:19:38,163 - model saved to: saved_models/hs_SRS_de/model.p
2021-09-24 06:20:18,271 - BufferedPatchDataset buffer history: [0, 1, 2, 3, 4, 5, 6]
2021-09-24 06:20:18,271 - loss log saved to: saved_models/hs_SRS_de/losses.csv
2021-09-24 06:20:18,271 - model saved to: saved_models/hs_SRS_de/model.p
2021-09-24 06:20:58,508 - BufferedPatchDataset buffer history: [0, 1, 2, 3, 4, 5, 6]
2021-09-24 06:20:58,508 - loss log saved to: saved_models/hs_SRS_de/losses.csv
2021-09-24 06:20:58,508 - model saved to: saved_models/hs_SRS_de/model.p
2021-09-24 06:21:38,539 - BufferedPatchDataset buffer history: [0, 1, 2, 3, 4, 5, 6]
2021-09-24 06:21:38,540 - loss log saved to: saved_models/hs_SRS_de/losses.csv
2021-09-24 06:21:38,540 - model saved to: saved_models/hs_SRS_de/model.p
2021-09-24 06:22:18,484 - BufferedPatchDataset buffer history: [0, 1, 2, 3, 4, 5, 6]
2021-09-24 06:22:18,484 - loss log saved to: saved_models/hs_SRS_de/losses.csv
2021-09-24 06:22:18,484 - model saved to: saved_models/hs_SRS_de/model.p
2021-09-24 06:22:58,621 - BufferedPatchDataset buffer history: [0, 1, 2, 3, 4, 5, 6]
2021-09-24 06:22:58,621 - loss log saved to: saved_models/hs_SRS_de/losses.csv
2021-09-24 06:22:58,621 - model saved to: saved_models/hs_SRS_de/model.p
2021-09-24 06:23:39,633 - BufferedPatchDataset buffer history: [0, 1, 2, 3, 4, 5, 6]
2021-09-24 06:23:39,633 - loss log saved to: saved_models/hs_SRS_de/losses.csv
2021-09-24 06:23:39,633 - model saved to: saved_models/hs_SRS_de/model.p
2021-09-24 06:24:19,793 - BufferedPatchDataset buffer history: [0, 1, 2, 3, 4, 5, 6]
2021-09-24 06:24:19,794 - loss log saved to: saved_models/hs_SRS_de/losses.csv
2021-09-24 06:24:19,794 - model saved to: saved_models/hs_SRS_de/model.p
2021-09-24 06:24:59,239 - BufferedPatchDataset buffer history: [0, 1, 2, 3, 4, 5, 6]
2021-09-24 06:24:59,239 - loss log saved to: saved_models/hs_SRS_de/losses.csv
2021-09-24 06:24:59,239 - model saved to: saved_models/hs_SRS_de/model.p
2021-09-24 06:25:39,462 - BufferedPatchDataset buffer history: [0, 1, 2, 3, 4, 5, 6]
2021-09-24 06:25:39,462 - loss log saved to: saved_models/hs_SRS_de/losses.csv
2021-09-24 06:25:39,462 - model saved to: saved_models/hs_SRS_de/model.p
2021-09-24 06:26:19,352 - BufferedPatchDataset buffer history: [0, 1, 2, 3, 4, 5, 6]
2021-09-24 06:26:19,352 - loss log saved to: saved_models/hs_SRS_de/losses.csv
2021-09-24 06:26:19,353 - model saved to: saved_models/hs_SRS_de/model.p
2021-09-24 06:26:59,821 - BufferedPatchDataset buffer history: [0, 1, 2, 3, 4, 5, 6]
2021-09-24 06:26:59,822 - loss log saved to: saved_models/hs_SRS_de/losses.csv
2021-09-24 06:26:59,822 - model saved to: saved_models/hs_SRS_de/model.p
2021-09-24 06:27:39,864 - BufferedPatchDataset buffer history: [0, 1, 2, 3, 4, 5, 6]
2021-09-24 06:27:39,865 - loss log saved to: saved_models/hs_SRS_de/losses.csv
2021-09-24 06:27:39,865 - model saved to: saved_models/hs_SRS_de/model.p
2021-09-24 06:28:20,138 - BufferedPatchDataset buffer history: [0, 1, 2, 3, 4, 5, 6]
2021-09-24 06:28:20,138 - loss log saved to: saved_models/hs_SRS_de/losses.csv
2021-09-24 06:28:20,138 - model saved to: saved_models/hs_SRS_de/model.p
2021-09-24 06:29:00,508 - BufferedPatchDataset buffer history: [0, 1, 2, 3, 4, 5, 6]
2021-09-24 06:29:00,508 - loss log saved to: saved_models/hs_SRS_de/losses.csv
2021-09-24 06:29:00,508 - model saved to: saved_models/hs_SRS_de/model.p
2021-09-24 06:29:40,783 - BufferedPatchDataset buffer history: [0, 1, 2, 3, 4, 5, 6]
2021-09-24 06:29:40,784 - loss log saved to: saved_models/hs_SRS_de/losses.csv
2021-09-24 06:29:40,784 - model saved to: saved_models/hs_SRS_de/model.p
2021-09-24 06:30:20,954 - BufferedPatchDataset buffer history: [0, 1, 2, 3, 4, 5, 6]
2021-09-24 06:30:20,954 - loss log saved to: saved_models/hs_SRS_de/losses.csv
2021-09-24 06:30:20,955 - model saved to: saved_models/hs_SRS_de/model.p
2021-09-24 06:31:01,227 - BufferedPatchDataset buffer history: [0, 1, 2, 3, 4, 5, 6]
2021-09-24 06:31:01,227 - loss log saved to: saved_models/hs_SRS_de/losses.csv
2021-09-24 06:31:01,227 - model saved to: saved_models/hs_SRS_de/model.p
2021-09-24 06:31:40,244 - BufferedPatchDataset buffer history: [0, 1, 2, 3, 4, 5, 6]
2021-09-24 06:31:40,244 - loss log saved to: saved_models/hs_SRS_de/losses.csv
2021-09-24 06:31:40,244 - model saved to: saved_models/hs_SRS_de/model.p
2021-09-24 06:32:20,213 - BufferedPatchDataset buffer history: [0, 1, 2, 3, 4, 5, 6]
2021-09-24 06:32:20,213 - loss log saved to: saved_models/hs_SRS_de/losses.csv
2021-09-24 06:32:20,213 - model saved to: saved_models/hs_SRS_de/model.p
2021-09-24 06:33:00,527 - BufferedPatchDataset buffer history: [0, 1, 2, 3, 4, 5, 6]
2021-09-24 06:33:00,527 - loss log saved to: saved_models/hs_SRS_de/losses.csv
2021-09-24 06:33:00,527 - model saved to: saved_models/hs_SRS_de/model.p
2021-09-24 06:33:40,829 - BufferedPatchDataset buffer history: [0, 1, 2, 3, 4, 5, 6]
2021-09-24 06:33:40,829 - loss log saved to: saved_models/hs_SRS_de/losses.csv
2021-09-24 06:33:40,829 - model saved to: saved_models/hs_SRS_de/model.p
2021-09-24 06:34:21,168 - BufferedPatchDataset buffer history: [0, 1, 2, 3, 4, 5, 6]
2021-09-24 06:34:21,168 - loss log saved to: saved_models/hs_SRS_de/losses.csv
2021-09-24 06:34:21,168 - model saved to: saved_models/hs_SRS_de/model.p
2021-09-24 06:35:01,144 - BufferedPatchDataset buffer history: [0, 1, 2, 3, 4, 5, 6]
2021-09-24 06:35:01,144 - loss log saved to: saved_models/hs_SRS_de/losses.csv
2021-09-24 06:35:01,144 - model saved to: saved_models/hs_SRS_de/model.p
2021-09-24 06:35:41,143 - BufferedPatchDataset buffer history: [0, 1, 2, 3, 4, 5, 6]
2021-09-24 06:35:41,144 - loss log saved to: saved_models/hs_SRS_de/losses.csv
2021-09-24 06:35:41,144 - model saved to: saved_models/hs_SRS_de/model.p
2021-09-24 06:36:21,336 - BufferedPatchDataset buffer history: [0, 1, 2, 3, 4, 5, 6]
2021-09-24 06:36:21,336 - loss log saved to: saved_models/hs_SRS_de/losses.csv
2021-09-24 06:36:21,337 - model saved to: saved_models/hs_SRS_de/model.p
2021-09-24 06:37:01,476 - BufferedPatchDataset buffer history: [0, 1, 2, 3, 4, 5, 6]
2021-09-24 06:37:01,476 - loss log saved to: saved_models/hs_SRS_de/losses.csv
2021-09-24 06:37:01,476 - model saved to: saved_models/hs_SRS_de/model.p
2021-09-24 06:37:41,612 - BufferedPatchDataset buffer history: [0, 1, 2, 3, 4, 5, 6]
2021-09-24 06:37:41,612 - loss log saved to: saved_models/hs_SRS_de/losses.csv
2021-09-24 06:37:41,613 - model saved to: saved_models/hs_SRS_de/model.p
2021-09-24 06:38:21,818 - BufferedPatchDataset buffer history: [0, 1, 2, 3, 4, 5, 6]
2021-09-24 06:38:21,818 - loss log saved to: saved_models/hs_SRS_de/losses.csv
2021-09-24 06:38:21,818 - model saved to: saved_models/hs_SRS_de/model.p
2021-09-24 06:39:01,913 - BufferedPatchDataset buffer history: [0, 1, 2, 3, 4, 5, 6]
2021-09-24 06:39:01,914 - loss log saved to: saved_models/hs_SRS_de/losses.csv
2021-09-24 06:39:01,914 - model saved to: saved_models/hs_SRS_de/model.p
2021-09-24 06:39:41,937 - BufferedPatchDataset buffer history: [0, 1, 2, 3, 4, 5, 6]
2021-09-24 06:39:41,938 - loss log saved to: saved_models/hs_SRS_de/losses.csv
2021-09-24 06:39:41,938 - model saved to: saved_models/hs_SRS_de/model.p
2021-09-24 06:40:22,437 - BufferedPatchDataset buffer history: [0, 1, 2, 3, 4, 5, 6]
2021-09-24 06:40:22,438 - loss log saved to: saved_models/hs_SRS_de/losses.csv
2021-09-24 06:40:22,438 - model saved to: saved_models/hs_SRS_de/model.p
2021-09-24 06:41:04,293 - BufferedPatchDataset buffer history: [0, 1, 2, 3, 4, 5, 6]
2021-09-24 06:41:04,293 - loss log saved to: saved_models/hs_SRS_de/losses.csv
2021-09-24 06:41:04,293 - model saved to: saved_models/hs_SRS_de/model.p
2021-09-24 06:41:44,281 - BufferedPatchDataset buffer history: [0, 1, 2, 3, 4, 5, 6]
2021-09-24 06:41:44,281 - loss log saved to: saved_models/hs_SRS_de/losses.csv
2021-09-24 06:41:44,281 - model saved to: saved_models/hs_SRS_de/model.p
2021-09-24 06:42:24,739 - BufferedPatchDataset buffer history: [0, 1, 2, 3, 4, 5, 6]
2021-09-24 06:42:24,740 - loss log saved to: saved_models/hs_SRS_de/losses.csv
2021-09-24 06:42:24,740 - model saved to: saved_models/hs_SRS_de/model.p
2021-09-24 06:43:04,728 - BufferedPatchDataset buffer history: [0, 1, 2, 3, 4, 5, 6]
2021-09-24 06:43:04,728 - loss log saved to: saved_models/hs_SRS_de/losses.csv
2021-09-24 06:43:04,728 - model saved to: saved_models/hs_SRS_de/model.p
2021-09-24 06:43:45,145 - BufferedPatchDataset buffer history: [0, 1, 2, 3, 4, 5, 6]
2021-09-24 06:43:45,145 - loss log saved to: saved_models/hs_SRS_de/losses.csv
2021-09-24 06:43:45,145 - model saved to: saved_models/hs_SRS_de/model.p
2021-09-24 06:44:25,609 - BufferedPatchDataset buffer history: [0, 1, 2, 3, 4, 5, 6, 7]
2021-09-24 06:44:25,609 - loss log saved to: saved_models/hs_SRS_de/losses.csv
2021-09-24 06:44:25,609 - model saved to: saved_models/hs_SRS_de/model.p
2021-09-24 06:45:06,183 - BufferedPatchDataset buffer history: [0, 1, 2, 3, 4, 5, 6, 7]
2021-09-24 06:45:06,183 - loss log saved to: saved_models/hs_SRS_de/losses.csv
2021-09-24 06:45:06,184 - model saved to: saved_models/hs_SRS_de/model.p
2021-09-24 06:45:46,492 - BufferedPatchDataset buffer history: [0, 1, 2, 3, 4, 5, 6, 7]
2021-09-24 06:45:46,492 - loss log saved to: saved_models/hs_SRS_de/losses.csv
2021-09-24 06:45:46,492 - model saved to: saved_models/hs_SRS_de/model.p
2021-09-24 06:46:26,914 - BufferedPatchDataset buffer history: [0, 1, 2, 3, 4, 5, 6, 7]
2021-09-24 06:46:26,914 - loss log saved to: saved_models/hs_SRS_de/losses.csv
2021-09-24 06:46:26,914 - model saved to: saved_models/hs_SRS_de/model.p
2021-09-24 06:47:07,666 - BufferedPatchDataset buffer history: [0, 1, 2, 3, 4, 5, 6, 7]
2021-09-24 06:47:07,666 - loss log saved to: saved_models/hs_SRS_de/losses.csv
2021-09-24 06:47:07,667 - model saved to: saved_models/hs_SRS_de/model.p
2021-09-24 06:47:47,898 - BufferedPatchDataset buffer history: [0, 1, 2, 3, 4, 5, 6, 7]
2021-09-24 06:47:47,898 - loss log saved to: saved_models/hs_SRS_de/losses.csv
2021-09-24 06:47:47,898 - model saved to: saved_models/hs_SRS_de/model.p
2021-09-24 06:48:27,845 - BufferedPatchDataset buffer history: [0, 1, 2, 3, 4, 5, 6, 7]
2021-09-24 06:48:27,846 - loss log saved to: saved_models/hs_SRS_de/losses.csv
2021-09-24 06:48:27,846 - model saved to: saved_models/hs_SRS_de/model.p
2021-09-24 06:49:07,991 - BufferedPatchDataset buffer history: [0, 1, 2, 3, 4, 5, 6, 7]
2021-09-24 06:49:07,991 - loss log saved to: saved_models/hs_SRS_de/losses.csv
2021-09-24 06:49:07,991 - model saved to: saved_models/hs_SRS_de/model.p
2021-09-24 06:49:48,350 - BufferedPatchDataset buffer history: [0, 1, 2, 3, 4, 5, 6, 7]
2021-09-24 06:49:48,350 - loss log saved to: saved_models/hs_SRS_de/losses.csv
2021-09-24 06:49:48,350 - model saved to: saved_models/hs_SRS_de/model.p
2021-09-24 06:50:28,417 - BufferedPatchDataset buffer history: [0, 1, 2, 3, 4, 5, 6, 7]
2021-09-24 06:50:28,417 - loss log saved to: saved_models/hs_SRS_de/losses.csv
2021-09-24 06:50:28,417 - model saved to: saved_models/hs_SRS_de/model.p
2021-09-24 06:51:08,527 - BufferedPatchDataset buffer history: [0, 1, 2, 3, 4, 5, 6, 7]
2021-09-24 06:51:08,528 - loss log saved to: saved_models/hs_SRS_de/losses.csv
2021-09-24 06:51:08,528 - model saved to: saved_models/hs_SRS_de/model.p
2021-09-24 06:51:49,533 - BufferedPatchDataset buffer history: [0, 1, 2, 3, 4, 5, 6, 7]
2021-09-24 06:51:49,534 - loss log saved to: saved_models/hs_SRS_de/losses.csv
2021-09-24 06:51:49,534 - model saved to: saved_models/hs_SRS_de/model.p
2021-09-24 06:52:29,805 - BufferedPatchDataset buffer history: [0, 1, 2, 3, 4, 5, 6, 7]
2021-09-24 06:52:29,805 - loss log saved to: saved_models/hs_SRS_de/losses.csv
2021-09-24 06:52:29,805 - model saved to: saved_models/hs_SRS_de/model.p
2021-09-24 06:53:10,221 - BufferedPatchDataset buffer history: [0, 1, 2, 3, 4, 5, 6, 7]
2021-09-24 06:53:10,221 - loss log saved to: saved_models/hs_SRS_de/losses.csv
2021-09-24 06:53:10,221 - model saved to: saved_models/hs_SRS_de/model.p
2021-09-24 06:53:50,197 - BufferedPatchDataset buffer history: [0, 1, 2, 3, 4, 5, 6, 7]
2021-09-24 06:53:50,197 - loss log saved to: saved_models/hs_SRS_de/losses.csv
2021-09-24 06:53:50,197 - model saved to: saved_models/hs_SRS_de/model.p
2021-09-24 06:54:30,149 - BufferedPatchDataset buffer history: [0, 1, 2, 3, 4, 5, 6, 7]
2021-09-24 06:54:30,150 - loss log saved to: saved_models/hs_SRS_de/losses.csv
2021-09-24 06:54:30,150 - model saved to: saved_models/hs_SRS_de/model.p
2021-09-24 06:55:10,188 - BufferedPatchDataset buffer history: [0, 1, 2, 3, 4, 5, 6, 7]
2021-09-24 06:55:10,189 - loss log saved to: saved_models/hs_SRS_de/losses.csv
2021-09-24 06:55:10,189 - model saved to: saved_models/hs_SRS_de/model.p
2021-09-24 06:55:50,032 - BufferedPatchDataset buffer history: [0, 1, 2, 3, 4, 5, 6, 7]
2021-09-24 06:55:50,033 - loss log saved to: saved_models/hs_SRS_de/losses.csv
2021-09-24 06:55:50,033 - model saved to: saved_models/hs_SRS_de/model.p
2021-09-24 06:56:30,447 - BufferedPatchDataset buffer history: [0, 1, 2, 3, 4, 5, 6, 7]
2021-09-24 06:56:30,447 - loss log saved to: saved_models/hs_SRS_de/losses.csv
2021-09-24 06:56:30,448 - model saved to: saved_models/hs_SRS_de/model.p
2021-09-24 06:57:10,760 - BufferedPatchDataset buffer history: [0, 1, 2, 3, 4, 5, 6, 7]
2021-09-24 06:57:10,761 - loss log saved to: saved_models/hs_SRS_de/losses.csv
2021-09-24 06:57:10,761 - model saved to: saved_models/hs_SRS_de/model.p
2021-09-24 06:57:50,742 - BufferedPatchDataset buffer history: [0, 1, 2, 3, 4, 5, 6, 7]
2021-09-24 06:57:50,743 - loss log saved to: saved_models/hs_SRS_de/losses.csv
2021-09-24 06:57:50,743 - model saved to: saved_models/hs_SRS_de/model.p
2021-09-24 06:58:31,413 - BufferedPatchDataset buffer history: [0, 1, 2, 3, 4, 5, 6, 7]
2021-09-24 06:58:31,414 - loss log saved to: saved_models/hs_SRS_de/losses.csv
2021-09-24 06:58:31,414 - model saved to: saved_models/hs_SRS_de/model.p
2021-09-24 06:59:11,356 - BufferedPatchDataset buffer history: [0, 1, 2, 3, 4, 5, 6, 7]
2021-09-24 06:59:11,356 - loss log saved to: saved_models/hs_SRS_de/losses.csv
2021-09-24 06:59:11,356 - model saved to: saved_models/hs_SRS_de/model.p
2021-09-24 06:59:51,437 - BufferedPatchDataset buffer history: [0, 1, 2, 3, 4, 5, 6, 7]
2021-09-24 06:59:51,437 - loss log saved to: saved_models/hs_SRS_de/losses.csv
2021-09-24 06:59:51,438 - model saved to: saved_models/hs_SRS_de/model.p
2021-09-24 07:00:31,622 - BufferedPatchDataset buffer history: [0, 1, 2, 3, 4, 5, 6, 7]
2021-09-24 07:00:31,622 - loss log saved to: saved_models/hs_SRS_de/losses.csv
2021-09-24 07:00:31,622 - model saved to: saved_models/hs_SRS_de/model.p
2021-09-24 07:01:11,976 - BufferedPatchDataset buffer history: [0, 1, 2, 3, 4, 5, 6, 7]
2021-09-24 07:01:11,976 - loss log saved to: saved_models/hs_SRS_de/losses.csv
2021-09-24 07:01:11,976 - model saved to: saved_models/hs_SRS_de/model.p
2021-09-24 07:01:52,066 - BufferedPatchDataset buffer history: [0, 1, 2, 3, 4, 5, 6, 7]
2021-09-24 07:01:52,066 - loss log saved to: saved_models/hs_SRS_de/losses.csv
2021-09-24 07:01:52,066 - model saved to: saved_models/hs_SRS_de/model.p
2021-09-24 07:02:31,967 - BufferedPatchDataset buffer history: [0, 1, 2, 3, 4, 5, 6, 7]
2021-09-24 07:02:31,967 - loss log saved to: saved_models/hs_SRS_de/losses.csv
2021-09-24 07:02:31,967 - model saved to: saved_models/hs_SRS_de/model.p
2021-09-24 07:03:13,175 - BufferedPatchDataset buffer history: [0, 1, 2, 3, 4, 5, 6, 7]
2021-09-24 07:03:13,176 - loss log saved to: saved_models/hs_SRS_de/losses.csv
2021-09-24 07:03:13,176 - model saved to: saved_models/hs_SRS_de/model.p
2021-09-24 07:03:53,139 - BufferedPatchDataset buffer history: [0, 1, 2, 3, 4, 5, 6, 7]
2021-09-24 07:03:53,139 - loss log saved to: saved_models/hs_SRS_de/losses.csv
2021-09-24 07:03:53,139 - model saved to: saved_models/hs_SRS_de/model.p
2021-09-24 07:04:33,092 - BufferedPatchDataset buffer history: [0, 1, 2, 3, 4, 5, 6, 7]
2021-09-24 07:04:33,092 - loss log saved to: saved_models/hs_SRS_de/losses.csv
2021-09-24 07:04:33,092 - model saved to: saved_models/hs_SRS_de/model.p
2021-09-24 07:05:13,359 - BufferedPatchDataset buffer history: [0, 1, 2, 3, 4, 5, 6, 7]
2021-09-24 07:05:13,359 - loss log saved to: saved_models/hs_SRS_de/losses.csv
2021-09-24 07:05:13,359 - model saved to: saved_models/hs_SRS_de/model.p
2021-09-24 07:05:53,202 - BufferedPatchDataset buffer history: [0, 1, 2, 3, 4, 5, 6, 7]
2021-09-24 07:05:53,202 - loss log saved to: saved_models/hs_SRS_de/losses.csv
2021-09-24 07:05:53,202 - model saved to: saved_models/hs_SRS_de/model.p
2021-09-24 07:06:33,333 - BufferedPatchDataset buffer history: [0, 1, 2, 3, 4, 5, 6, 7]
2021-09-24 07:06:33,333 - loss log saved to: saved_models/hs_SRS_de/losses.csv
2021-09-24 07:06:33,333 - model saved to: saved_models/hs_SRS_de/model.p
2021-09-24 07:07:14,036 - BufferedPatchDataset buffer history: [0, 1, 2, 3, 4, 5, 6, 7]
2021-09-24 07:07:14,036 - loss log saved to: saved_models/hs_SRS_de/losses.csv
2021-09-24 07:07:14,036 - model saved to: saved_models/hs_SRS_de/model.p
2021-09-24 07:07:54,124 - BufferedPatchDataset buffer history: [0, 1, 2, 3, 4, 5, 6, 7]
2021-09-24 07:07:54,124 - loss log saved to: saved_models/hs_SRS_de/losses.csv
2021-09-24 07:07:54,124 - model saved to: saved_models/hs_SRS_de/model.p
2021-09-24 07:08:34,204 - BufferedPatchDataset buffer history: [0, 1, 2, 3, 4, 5, 6, 7]
2021-09-24 07:08:34,204 - loss log saved to: saved_models/hs_SRS_de/losses.csv
2021-09-24 07:08:34,204 - model saved to: saved_models/hs_SRS_de/model.p
2021-09-24 07:09:14,007 - BufferedPatchDataset buffer history: [0, 1, 2, 3, 4, 5, 6, 7]
2021-09-24 07:09:14,007 - loss log saved to: saved_models/hs_SRS_de/losses.csv
2021-09-24 07:09:14,007 - model saved to: saved_models/hs_SRS_de/model.p
2021-09-24 07:09:54,214 - BufferedPatchDataset buffer history: [0, 1, 2, 3, 4, 5, 6, 7]
2021-09-24 07:09:54,214 - loss log saved to: saved_models/hs_SRS_de/losses.csv
2021-09-24 07:09:54,214 - model saved to: saved_models/hs_SRS_de/model.p
2021-09-24 07:10:34,685 - BufferedPatchDataset buffer history: [0, 1, 2, 3, 4, 5, 6, 7]
2021-09-24 07:10:34,686 - loss log saved to: saved_models/hs_SRS_de/losses.csv
2021-09-24 07:10:34,686 - model saved to: saved_models/hs_SRS_de/model.p
2021-09-24 07:11:14,996 - BufferedPatchDataset buffer history: [0, 1, 2, 3, 4, 5, 6, 7, 8]
2021-09-24 07:11:14,997 - loss log saved to: saved_models/hs_SRS_de/losses.csv
2021-09-24 07:11:14,997 - model saved to: saved_models/hs_SRS_de/model.p
2021-09-24 07:11:55,421 - BufferedPatchDataset buffer history: [0, 1, 2, 3, 4, 5, 6, 7, 8]
2021-09-24 07:11:55,422 - loss log saved to: saved_models/hs_SRS_de/losses.csv
2021-09-24 07:11:55,422 - model saved to: saved_models/hs_SRS_de/model.p
2021-09-24 07:12:35,400 - BufferedPatchDataset buffer history: [0, 1, 2, 3, 4, 5, 6, 7, 8]
2021-09-24 07:12:35,400 - loss log saved to: saved_models/hs_SRS_de/losses.csv
2021-09-24 07:12:35,400 - model saved to: saved_models/hs_SRS_de/model.p
2021-09-24 07:13:15,492 - BufferedPatchDataset buffer history: [0, 1, 2, 3, 4, 5, 6, 7, 8]
2021-09-24 07:13:15,493 - loss log saved to: saved_models/hs_SRS_de/losses.csv
2021-09-24 07:13:15,493 - model saved to: saved_models/hs_SRS_de/model.p
2021-09-24 07:13:55,330 - BufferedPatchDataset buffer history: [0, 1, 2, 3, 4, 5, 6, 7, 8]
2021-09-24 07:13:55,330 - loss log saved to: saved_models/hs_SRS_de/losses.csv
2021-09-24 07:13:55,330 - model saved to: saved_models/hs_SRS_de/model.p
2021-09-24 07:14:35,559 - BufferedPatchDataset buffer history: [0, 1, 2, 3, 4, 5, 6, 7, 8]
2021-09-24 07:14:35,559 - loss log saved to: saved_models/hs_SRS_de/losses.csv
2021-09-24 07:14:35,559 - model saved to: saved_models/hs_SRS_de/model.p
2021-09-24 07:15:15,795 - BufferedPatchDataset buffer history: [0, 1, 2, 3, 4, 5, 6, 7, 8]
2021-09-24 07:15:15,795 - loss log saved to: saved_models/hs_SRS_de/losses.csv
2021-09-24 07:15:15,795 - model saved to: saved_models/hs_SRS_de/model.p
